<?xml version="1.0" encoding="UTF-8"?>
<!-- Generated by org.testng.reporters.JUnitReportReporter -->
<testsuite hostname="Nasa" failures="0" tests="1" name="com.testcase.BankTestCase" time="8.805" errors="0" timestamp="12 Feb 2024 09:58:03 GMT" skipped="0">
  <testcase classname="com.testcase.BankTestCase" name="verifyUsernameFieldRequired" time="8.805"/>
</testsuite> <!-- com.testcase.BankTestCase -->
